{"C:\\Users\\syang\\Documents\\GitHub\\nodejs-against-humanity\\game.js":{"path":"C:\\Users\\syang\\Documents\\GitHub\\nodejs-against-humanity\\game.js","s":{"1":1,"2":1,"3":1,"4":1,"5":1,"6":0,"7":1,"8":0,"9":0,"10":0,"11":1,"12":0,"13":0,"14":1,"15":0,"16":1,"17":0,"18":0,"19":1,"20":0,"21":0,"22":0,"23":0,"24":0,"25":0,"26":0,"27":0,"28":0,"29":0,"30":0,"31":0,"32":0,"33":0,"34":1,"35":0,"36":0,"37":1,"38":0,"39":0,"40":0,"41":0,"42":0,"43":0,"44":0,"45":0,"46":0,"47":0,"48":0,"49":0,"50":1,"51":0,"52":0,"53":0,"54":0,"55":0,"56":0,"57":0,"58":0,"59":1,"60":0,"61":0,"62":0,"63":1,"64":0,"65":0,"66":0,"67":0,"68":0,"69":0,"70":0,"71":1,"72":0,"73":0,"74":0,"75":0,"76":0,"77":0,"78":0,"79":0,"80":0,"81":0,"82":0,"83":0,"84":0,"85":0,"86":0,"87":0,"88":1,"89":0,"90":0,"91":0,"92":1,"93":0,"94":0,"95":0,"96":1,"97":0,"98":0,"99":0,"100":1,"101":0,"102":0,"103":1,"104":0,"105":0,"106":0,"107":0,"108":0,"109":0,"110":0,"111":1,"112":0,"113":0,"114":0,"115":0,"116":0,"117":0,"118":0,"119":0,"120":1,"121":0,"122":0,"123":0,"124":0,"125":0,"126":0,"127":0,"128":0,"129":0,"130":0,"131":1,"132":0,"133":1,"134":1,"135":1,"136":1,"137":1,"138":1,"139":1,"140":1,"141":1,"142":1,"143":1,"144":1,"145":1,"146":1},"b":{"1":[0,0],"2":[0,0],"3":[0,0],"4":[0,0],"5":[0,0],"6":[0,0],"7":[0,0],"8":[0,0],"9":[0,0],"10":[0,0],"11":[0,0],"12":[0,0],"13":[0,0]},"f":{"1":0,"2":0,"3":0,"4":0,"5":0,"6":0,"7":0,"8":0,"9":0,"10":0,"11":0,"12":0,"13":0,"14":0,"15":0,"16":0,"17":0,"18":0,"19":0,"20":0,"21":0,"22":0,"23":0,"24":0,"25":0,"26":0,"27":0,"28":0,"29":0,"30":0},"fnMap":{"1":{"name":"getDeck","line":7,"loc":{"start":{"line":7,"column":0},"end":{"line":7,"column":19}}},"2":{"name":"removeFromArray","line":11,"loc":{"start":{"line":11,"column":0},"end":{"line":11,"column":38}}},"3":{"name":"list","line":18,"loc":{"start":{"line":18,"column":0},"end":{"line":18,"column":16}}},"4":{"name":"(anonymous_4)","line":19,"loc":{"start":{"line":19,"column":35},"end":{"line":19,"column":47}}},"5":{"name":"listAll","line":25,"loc":{"start":{"line":25,"column":0},"end":{"line":25,"column":19}}},"6":{"name":"toInfo","line":29,"loc":{"start":{"line":29,"column":0},"end":{"line":29,"column":30}}},"7":{"name":"(anonymous_7)","line":30,"loc":{"start":{"line":30,"column":29},"end":{"line":30,"column":44}}},"8":{"name":"addGame","line":40,"loc":{"start":{"line":40,"column":0},"end":{"line":40,"column":23}}},"9":{"name":"getGame","line":57,"loc":{"start":{"line":57,"column":0},"end":{"line":57,"column":25}}},"10":{"name":"(anonymous_10)","line":58,"loc":{"start":{"line":58,"column":28},"end":{"line":58,"column":40}}},"11":{"name":"joinGame","line":61,"loc":{"start":{"line":61,"column":0},"end":{"line":61,"column":32}}},"12":{"name":"(anonymous_12)","line":84,"loc":{"start":{"line":84,"column":51},"end":{"line":84,"column":63}}},"13":{"name":"departGame","line":96,"loc":{"start":{"line":96,"column":0},"end":{"line":96,"column":38}}},"14":{"name":"(anonymous_14)","line":100,"loc":{"start":{"line":100,"column":51},"end":{"line":100,"column":62}}},"15":{"name":"startGame","line":111,"loc":{"start":{"line":111,"column":0},"end":{"line":111,"column":25}}},"16":{"name":"selectCardCzar","line":117,"loc":{"start":{"line":117,"column":0},"end":{"line":117,"column":30}}},"17":{"name":"roundEnded","line":129,"loc":{"start":{"line":129,"column":0},"end":{"line":129,"column":26}}},"18":{"name":"(anonymous_18)","line":137,"loc":{"start":{"line":137,"column":23},"end":{"line":137,"column":40}}},"19":{"name":"(anonymous_19)","line":151,"loc":{"start":{"line":151,"column":24},"end":{"line":151,"column":36}}},"20":{"name":"drawWhiteCard","line":158,"loc":{"start":{"line":158,"column":0},"end":{"line":158,"column":37}}},"21":{"name":"setCurrentBlackCard","line":164,"loc":{"start":{"line":164,"column":0},"end":{"line":164,"column":35}}},"22":{"name":"getPlayer","line":170,"loc":{"start":{"line":170,"column":0},"end":{"line":170,"column":37}}},"23":{"name":"(anonymous_23)","line":172,"loc":{"start":{"line":172,"column":30},"end":{"line":172,"column":42}}},"24":{"name":"getPlayerByCardId","line":175,"loc":{"start":{"line":175,"column":0},"end":{"line":175,"column":43}}},"25":{"name":"readyForNextRound","line":180,"loc":{"start":{"line":180,"column":0},"end":{"line":180,"column":45}}},"26":{"name":"(anonymous_26)","line":185,"loc":{"start":{"line":185,"column":39},"end":{"line":185,"column":51}}},"27":{"name":"selectCard","line":194,"loc":{"start":{"line":194,"column":0},"end":{"line":194,"column":51}}},"28":{"name":"(anonymous_28)","line":201,"loc":{"start":{"line":201,"column":44},"end":{"line":201,"column":57}}},"29":{"name":"selectWinner","line":210,"loc":{"start":{"line":210,"column":0},"end":{"line":210,"column":38}}},"30":{"name":"reset","line":224,"loc":{"start":{"line":224,"column":0},"end":{"line":224,"column":16}}}},"statementMap":{"1":{"start":{"line":1,"column":0},"end":{"line":1,"column":30}},"2":{"start":{"line":2,"column":0},"end":{"line":2,"column":34}},"3":{"start":{"line":3,"column":0},"end":{"line":3,"column":36}},"4":{"start":{"line":5,"column":0},"end":{"line":5,"column":18}},"5":{"start":{"line":7,"column":0},"end":{"line":9,"column":1}},"6":{"start":{"line":8,"column":2},"end":{"line":8,"column":25}},"7":{"start":{"line":11,"column":0},"end":{"line":16,"column":1}},"8":{"start":{"line":12,"column":2},"end":{"line":12,"column":34}},"9":{"start":{"line":13,"column":2},"end":{"line":15,"column":3}},"10":{"start":{"line":14,"column":4},"end":{"line":14,"column":27}},"11":{"start":{"line":18,"column":0},"end":{"line":23,"column":1}},"12":{"start":{"line":19,"column":2},"end":{"line":22,"column":6}},"13":{"start":{"line":21,"column":4},"end":{"line":21,"column":48}},"14":{"start":{"line":25,"column":0},"end":{"line":27,"column":1}},"15":{"start":{"line":26,"column":2},"end":{"line":26,"column":26}},"16":{"start":{"line":29,"column":0},"end":{"line":38,"column":1}},"17":{"start":{"line":30,"column":2},"end":{"line":37,"column":5}},"18":{"start":{"line":31,"column":4},"end":{"line":36,"column":6}},"19":{"start":{"line":40,"column":0},"end":{"line":55,"column":1}},"20":{"start":{"line":41,"column":2},"end":{"line":41,"column":20}},"21":{"start":{"line":42,"column":2},"end":{"line":42,"column":20}},"22":{"start":{"line":43,"column":2},"end":{"line":43,"column":22}},"23":{"start":{"line":44,"column":2},"end":{"line":44,"column":23}},"24":{"start":{"line":45,"column":2},"end":{"line":45,"column":28}},"25":{"start":{"line":46,"column":2},"end":{"line":46,"column":25}},"26":{"start":{"line":47,"column":2},"end":{"line":47,"column":24}},"27":{"start":{"line":48,"column":2},"end":{"line":48,"column":29}},"28":{"start":{"line":49,"column":2},"end":{"line":49,"column":33}},"29":{"start":{"line":50,"column":2},"end":{"line":50,"column":32}},"30":{"start":{"line":51,"column":2},"end":{"line":51,"column":40}},"31":{"start":{"line":52,"column":2},"end":{"line":52,"column":38}},"32":{"start":{"line":53,"column":2},"end":{"line":53,"column":22}},"33":{"start":{"line":54,"column":2},"end":{"line":54,"column":14}},"34":{"start":{"line":57,"column":0},"end":{"line":59,"column":1}},"35":{"start":{"line":58,"column":4},"end":{"line":58,"column":82}},"36":{"start":{"line":58,"column":42},"end":{"line":58,"column":65}},"37":{"start":{"line":61,"column":0},"end":{"line":94,"column":1}},"38":{"start":{"line":62,"column":4},"end":{"line":70,"column":6}},"39":{"start":{"line":72,"column":4},"end":{"line":74,"column":5}},"40":{"start":{"line":73,"column":8},"end":{"line":73,"column":43}},"41":{"start":{"line":76,"column":4},"end":{"line":76,"column":37}},"42":{"start":{"line":79,"column":4},"end":{"line":91,"column":5}},"43":{"start":{"line":80,"column":8},"end":{"line":90,"column":9}},"44":{"start":{"line":81,"column":12},"end":{"line":81,"column":28}},"45":{"start":{"line":84,"column":12},"end":{"line":86,"column":15}},"46":{"start":{"line":85,"column":16},"end":{"line":85,"column":41}},"47":{"start":{"line":87,"column":12},"end":{"line":89,"column":13}},"48":{"start":{"line":88,"column":16},"end":{"line":88,"column":68}},"49":{"start":{"line":93,"column":4},"end":{"line":93,"column":16}},"50":{"start":{"line":96,"column":0},"end":{"line":109,"column":1}},"51":{"start":{"line":97,"column":4},"end":{"line":97,"column":31}},"52":{"start":{"line":98,"column":4},"end":{"line":108,"column":5}},"53":{"start":{"line":99,"column":8},"end":{"line":99,"column":50}},"54":{"start":{"line":100,"column":8},"end":{"line":102,"column":11}},"55":{"start":{"line":101,"column":12},"end":{"line":101,"column":37}},"56":{"start":{"line":103,"column":8},"end":{"line":103,"column":55}},"57":{"start":{"line":104,"column":8},"end":{"line":107,"column":9}},"58":{"start":{"line":106,"column":12},"end":{"line":106,"column":44}},"59":{"start":{"line":111,"column":0},"end":{"line":115,"column":1}},"60":{"start":{"line":112,"column":2},"end":{"line":112,"column":24}},"61":{"start":{"line":113,"column":2},"end":{"line":113,"column":28}},"62":{"start":{"line":114,"column":2},"end":{"line":114,"column":32}},"63":{"start":{"line":117,"column":0},"end":{"line":127,"column":1}},"64":{"start":{"line":118,"column":2},"end":{"line":126,"column":3}},"65":{"start":{"line":119,"column":4},"end":{"line":125,"column":5}},"66":{"start":{"line":120,"column":6},"end":{"line":120,"column":37}},"67":{"start":{"line":121,"column":6},"end":{"line":121,"column":51}},"68":{"start":{"line":122,"column":6},"end":{"line":122,"column":43}},"69":{"start":{"line":123,"column":6},"end":{"line":123,"column":45}},"70":{"start":{"line":124,"column":6},"end":{"line":124,"column":13}},"71":{"start":{"line":129,"column":0},"end":{"line":156,"column":1}},"72":{"start":{"line":130,"column":2},"end":{"line":130,"column":23}},"73":{"start":{"line":131,"column":2},"end":{"line":131,"column":28}},"74":{"start":{"line":132,"column":2},"end":{"line":132,"column":33}},"75":{"start":{"line":133,"column":2},"end":{"line":133,"column":32}},"76":{"start":{"line":135,"column":2},"end":{"line":135,"column":28}},"77":{"start":{"line":137,"column":2},"end":{"line":145,"column":5}},"78":{"start":{"line":138,"column":4},"end":{"line":141,"column":5}},"79":{"start":{"line":139,"column":6},"end":{"line":139,"column":64}},"80":{"start":{"line":140,"column":6},"end":{"line":140,"column":34}},"81":{"start":{"line":143,"column":4},"end":{"line":143,"column":27}},"82":{"start":{"line":144,"column":4},"end":{"line":144,"column":38}},"83":{"start":{"line":148,"column":2},"end":{"line":148,"column":23}},"84":{"start":{"line":150,"column":2},"end":{"line":155,"column":3}},"85":{"start":{"line":151,"column":4},"end":{"line":153,"column":7}},"86":{"start":{"line":152,"column":8},"end":{"line":152,"column":28}},"87":{"start":{"line":154,"column":4},"end":{"line":154,"column":24}},"88":{"start":{"line":158,"column":0},"end":{"line":162,"column":1}},"89":{"start":{"line":159,"column":2},"end":{"line":159,"column":70}},"90":{"start":{"line":160,"column":2},"end":{"line":160,"column":49}},"91":{"start":{"line":161,"column":2},"end":{"line":161,"column":40}},"92":{"start":{"line":164,"column":0},"end":{"line":168,"column":1}},"93":{"start":{"line":165,"column":2},"end":{"line":165,"column":65}},"94":{"start":{"line":166,"column":2},"end":{"line":166,"column":54}},"95":{"start":{"line":167,"column":2},"end":{"line":167,"column":35}},"96":{"start":{"line":170,"column":0},"end":{"line":173,"column":1}},"97":{"start":{"line":171,"column":2},"end":{"line":171,"column":29}},"98":{"start":{"line":172,"column":2},"end":{"line":172,"column":73}},"99":{"start":{"line":172,"column":44},"end":{"line":172,"column":69}},"100":{"start":{"line":175,"column":0},"end":{"line":178,"column":1}},"101":{"start":{"line":176,"column":2},"end":{"line":176,"column":29}},"102":{"start":{"line":177,"column":2},"end":{"line":177,"column":68}},"103":{"start":{"line":180,"column":0},"end":{"line":192,"column":1}},"104":{"start":{"line":181,"column":2},"end":{"line":181,"column":43}},"105":{"start":{"line":182,"column":2},"end":{"line":182,"column":24}},"106":{"start":{"line":184,"column":2},"end":{"line":184,"column":29}},"107":{"start":{"line":185,"column":2},"end":{"line":187,"column":5}},"108":{"start":{"line":186,"column":4},"end":{"line":186,"column":21}},"109":{"start":{"line":189,"column":2},"end":{"line":191,"column":3}},"110":{"start":{"line":190,"column":4},"end":{"line":190,"column":21}},"111":{"start":{"line":194,"column":0},"end":{"line":208,"column":1}},"112":{"start":{"line":195,"column":2},"end":{"line":195,"column":43}},"113":{"start":{"line":196,"column":2},"end":{"line":196,"column":43}},"114":{"start":{"line":197,"column":2},"end":{"line":197,"column":25}},"115":{"start":{"line":199,"column":2},"end":{"line":199,"column":29}},"116":{"start":{"line":201,"column":2},"end":{"line":203,"column":5}},"117":{"start":{"line":202,"column":4},"end":{"line":202,"column":33}},"118":{"start":{"line":205,"column":2},"end":{"line":207,"column":3}},"119":{"start":{"line":206,"column":4},"end":{"line":206,"column":34}},"120":{"start":{"line":210,"column":0},"end":{"line":222,"column":1}},"121":{"start":{"line":211,"column":2},"end":{"line":211,"column":49}},"122":{"start":{"line":212,"column":2},"end":{"line":212,"column":29}},"123":{"start":{"line":213,"column":2},"end":{"line":213,"column":30}},"124":{"start":{"line":214,"column":2},"end":{"line":214,"column":31}},"125":{"start":{"line":215,"column":2},"end":{"line":215,"column":50}},"126":{"start":{"line":216,"column":2},"end":{"line":216,"column":90}},"127":{"start":{"line":217,"column":2},"end":{"line":221,"column":3}},"128":{"start":{"line":218,"column":4},"end":{"line":218,"column":27}},"129":{"start":{"line":219,"column":4},"end":{"line":219,"column":23}},"130":{"start":{"line":220,"column":4},"end":{"line":220,"column":30}},"131":{"start":{"line":224,"column":0},"end":{"line":226,"column":1}},"132":{"start":{"line":225,"column":2},"end":{"line":225,"column":16}},"133":{"start":{"line":228,"column":0},"end":{"line":228,"column":20}},"134":{"start":{"line":229,"column":0},"end":{"line":229,"column":26}},"135":{"start":{"line":230,"column":0},"end":{"line":230,"column":26}},"136":{"start":{"line":231,"column":0},"end":{"line":231,"column":26}},"137":{"start":{"line":232,"column":0},"end":{"line":232,"column":30}},"138":{"start":{"line":233,"column":0},"end":{"line":233,"column":28}},"139":{"start":{"line":234,"column":0},"end":{"line":234,"column":32}},"140":{"start":{"line":235,"column":0},"end":{"line":235,"column":46}},"141":{"start":{"line":236,"column":0},"end":{"line":236,"column":22}},"142":{"start":{"line":237,"column":0},"end":{"line":237,"column":32}},"143":{"start":{"line":238,"column":0},"end":{"line":238,"column":32}},"144":{"start":{"line":239,"column":0},"end":{"line":239,"column":36}},"145":{"start":{"line":240,"column":0},"end":{"line":240,"column":42}},"146":{"start":{"line":241,"column":0},"end":{"line":241,"column":26}}},"branchMap":{"1":{"line":13,"type":"if","locations":[{"start":{"line":13,"column":2},"end":{"line":13,"column":2}},{"start":{"line":13,"column":2},"end":{"line":13,"column":2}}]},"2":{"line":58,"type":"binary-expr","locations":[{"start":{"line":58,"column":11},"end":{"line":58,"column":68}},{"start":{"line":58,"column":72},"end":{"line":58,"column":81}}]},"3":{"line":79,"type":"if","locations":[{"start":{"line":79,"column":4},"end":{"line":79,"column":4}},{"start":{"line":79,"column":4},"end":{"line":79,"column":4}}]},"4":{"line":80,"type":"if","locations":[{"start":{"line":80,"column":8},"end":{"line":80,"column":8}},{"start":{"line":80,"column":8},"end":{"line":80,"column":8}}]},"5":{"line":87,"type":"if","locations":[{"start":{"line":87,"column":12},"end":{"line":87,"column":12}},{"start":{"line":87,"column":12},"end":{"line":87,"column":12}}]},"6":{"line":98,"type":"if","locations":[{"start":{"line":98,"column":4},"end":{"line":98,"column":4}},{"start":{"line":98,"column":4},"end":{"line":98,"column":4}}]},"7":{"line":104,"type":"if","locations":[{"start":{"line":104,"column":8},"end":{"line":104,"column":8}},{"start":{"line":104,"column":8},"end":{"line":104,"column":8}}]},"8":{"line":119,"type":"if","locations":[{"start":{"line":119,"column":4},"end":{"line":119,"column":4}},{"start":{"line":119,"column":4},"end":{"line":119,"column":4}}]},"9":{"line":138,"type":"if","locations":[{"start":{"line":138,"column":4},"end":{"line":138,"column":4}},{"start":{"line":138,"column":4},"end":{"line":138,"column":4}}]},"10":{"line":150,"type":"if","locations":[{"start":{"line":150,"column":2},"end":{"line":150,"column":2}},{"start":{"line":150,"column":2},"end":{"line":150,"column":2}}]},"11":{"line":189,"type":"if","locations":[{"start":{"line":189,"column":2},"end":{"line":189,"column":2}},{"start":{"line":189,"column":2},"end":{"line":189,"column":2}}]},"12":{"line":205,"type":"if","locations":[{"start":{"line":205,"column":2},"end":{"line":205,"column":2}},{"start":{"line":205,"column":2},"end":{"line":205,"column":2}}]},"13":{"line":217,"type":"if","locations":[{"start":{"line":217,"column":2},"end":{"line":217,"column":2}},{"start":{"line":217,"column":2},"end":{"line":217,"column":2}}]}}},"C:\\Users\\syang\\Documents\\GitHub\\nodejs-against-humanity\\cards.js":{"path":"C:\\Users\\syang\\Documents\\GitHub\\nodejs-against-humanity\\cards.js","s":{"1":1,"2":1,"3":0,"4":1,"5":1,"6":0,"7":0,"8":1,"9":0,"10":1},"b":{},"f":{"1":0,"2":0,"3":0,"4":0},"fnMap":{"1":{"name":"getDeck","line":3,"loc":{"start":{"line":3,"column":0},"end":{"line":3,"column":19}}},"2":{"name":"black","line":7,"loc":{"start":{"line":7,"column":0},"end":{"line":7,"column":17}}},"3":{"name":"filter","line":8,"loc":{"start":{"line":8,"column":2},"end":{"line":8,"column":21}}},"4":{"name":"white","line":14,"loc":{"start":{"line":14,"column":0},"end":{"line":14,"column":17}}}},"statementMap":{"1":{"start":{"line":1,"column":0},"end":{"line":1,"column":42}},"2":{"start":{"line":3,"column":0},"end":{"line":5,"column":1}},"3":{"start":{"line":4,"column":2},"end":{"line":4,"column":44}},"4":{"start":{"line":7,"column":0},"end":{"line":12,"column":1}},"5":{"start":{"line":8,"column":2},"end":{"line":10,"column":3}},"6":{"start":{"line":9,"column":4},"end":{"line":9,"column":24}},"7":{"start":{"line":11,"column":2},"end":{"line":11,"column":45}},"8":{"start":{"line":14,"column":0},"end":{"line":16,"column":1}},"9":{"start":{"line":15,"column":2},"end":{"line":15,"column":30}},"10":{"start":{"line":18,"column":0},"end":{"line":18,"column":26}}},"branchMap":{}},"C:\\Users\\syang\\Documents\\GitHub\\nodejs-against-humanity\\config.js":{"path":"C:\\Users\\syang\\Documents\\GitHub\\nodejs-against-humanity\\config.js","s":{"1":1,"2":1,"3":1,"4":1,"5":1,"6":1,"7":1},"b":{},"f":{},"fnMap":{},"statementMap":{"1":{"start":{"line":1,"column":0},"end":{"line":1,"column":16}},"2":{"start":{"line":3,"column":0},"end":{"line":3,"column":19}},"3":{"start":{"line":5,"column":0},"end":{"line":5,"column":22}},"4":{"start":{"line":6,"column":0},"end":{"line":6,"column":23}},"5":{"start":{"line":8,"column":0},"end":{"line":8,"column":29}},"6":{"start":{"line":10,"column":0},"end":{"line":10,"column":23}},"7":{"start":{"line":12,"column":0},"end":{"line":12,"column":24}}},"branchMap":{}}}