TN:
SF:C:\Users\syang\Documents\GitHub\nodejs-against-humanity\spec\describe_Game_spec.js
FN:4,(anonymous_1)
FN:14,createGame
FN:19,joinCurrentGame
FN:23,playCard
FN:30,allPlayersButCzarPlayCard
FN:31,(anonymous_6)
FN:39,getFirstNonCzar
FN:40,(anonymous_8)
FN:45,startGame
FN:47,(anonymous_10)
FN:55,(anonymous_11)
FN:58,(anonymous_12)
FN:62,(anonymous_13)
FN:67,(anonymous_14)
FN:72,(anonymous_15)
FN:75,(anonymous_16)
FN:79,(anonymous_17)
FN:83,(anonymous_18)
FN:87,(anonymous_19)
FN:95,(anonymous_20)
FN:98,(anonymous_21)
FN:99,(anonymous_22)
FN:103,(anonymous_23)
FN:107,(anonymous_24)
FN:110,(anonymous_25)
FN:117,(anonymous_26)
FN:121,(anonymous_27)
FN:125,(anonymous_28)
FN:129,(anonymous_29)
FN:134,(anonymous_30)
FN:138,(anonymous_31)
FN:144,(anonymous_32)
FN:151,(anonymous_33)
FN:156,(anonymous_34)
FN:169,(anonymous_35)
FN:171,(anonymous_36)
FN:173,(anonymous_37)
FN:180,(anonymous_38)
FN:185,(anonymous_39)
FN:192,(anonymous_40)
FN:196,(anonymous_41)
FN:197,(anonymous_42)
FN:198,(anonymous_43)
FN:203,(anonymous_44)
FN:206,(anonymous_45)
FNF:45
FNH:0
FNDA:0,(anonymous_1)
FNDA:0,createGame
FNDA:0,joinCurrentGame
FNDA:0,playCard
FNDA:0,allPlayersButCzarPlayCard
FNDA:0,(anonymous_6)
FNDA:0,getFirstNonCzar
FNDA:0,(anonymous_8)
FNDA:0,startGame
FNDA:0,(anonymous_10)
FNDA:0,(anonymous_11)
FNDA:0,(anonymous_12)
FNDA:0,(anonymous_13)
FNDA:0,(anonymous_14)
FNDA:0,(anonymous_15)
FNDA:0,(anonymous_16)
FNDA:0,(anonymous_17)
FNDA:0,(anonymous_18)
FNDA:0,(anonymous_19)
FNDA:0,(anonymous_20)
FNDA:0,(anonymous_21)
FNDA:0,(anonymous_22)
FNDA:0,(anonymous_23)
FNDA:0,(anonymous_24)
FNDA:0,(anonymous_25)
FNDA:0,(anonymous_26)
FNDA:0,(anonymous_27)
FNDA:0,(anonymous_28)
FNDA:0,(anonymous_29)
FNDA:0,(anonymous_30)
FNDA:0,(anonymous_31)
FNDA:0,(anonymous_32)
FNDA:0,(anonymous_33)
FNDA:0,(anonymous_34)
FNDA:0,(anonymous_35)
FNDA:0,(anonymous_36)
FNDA:0,(anonymous_37)
FNDA:0,(anonymous_38)
FNDA:0,(anonymous_39)
FNDA:0,(anonymous_40)
FNDA:0,(anonymous_41)
FNDA:0,(anonymous_42)
FNDA:0,(anonymous_43)
FNDA:0,(anonymous_44)
FNDA:0,(anonymous_45)
DA:1,1
DA:2,1
DA:4,1
DA:5,0
DA:11,0
DA:12,0
DA:14,1
DA:15,0
DA:16,0
DA:19,1
DA:20,0
DA:23,1
DA:24,0
DA:25,0
DA:26,0
DA:27,0
DA:30,1
DA:31,0
DA:32,0
DA:33,0
DA:34,0
DA:39,1
DA:40,0
DA:41,0
DA:45,1
DA:46,0
DA:47,0
DA:48,0
DA:50,0
DA:53,0
DA:55,0
DA:56,0
DA:58,0
DA:59,0
DA:62,0
DA:63,0
DA:64,0
DA:67,0
DA:68,0
DA:72,0
DA:73,0
DA:75,0
DA:76,0
DA:79,0
DA:80,0
DA:83,0
DA:84,0
DA:87,0
DA:88,0
DA:89,0
DA:90,0
DA:91,0
DA:95,0
DA:96,0
DA:98,0
DA:99,0
DA:100,0
DA:103,0
DA:104,0
DA:107,0
DA:108,0
DA:110,0
DA:111,0
DA:112,0
DA:113,0
DA:114,0
DA:117,0
DA:118,0
DA:121,0
DA:122,0
DA:125,0
DA:126,0
DA:129,0
DA:130,0
DA:131,0
DA:132,0
DA:134,0
DA:135,0
DA:136,0
DA:137,0
DA:138,0
DA:139,0
DA:141,0
DA:144,0
DA:145,0
DA:146,0
DA:147,0
DA:148,0
DA:151,0
DA:152,0
DA:153,0
DA:156,0
DA:157,0
DA:158,0
DA:159,0
DA:160,0
DA:161,0
DA:169,0
DA:170,0
DA:171,0
DA:173,0
DA:174,0
DA:175,0
DA:176,0
DA:177,0
DA:178,0
DA:179,0
DA:180,0
DA:181,0
DA:183,0
DA:185,0
DA:186,0
DA:192,0
DA:193,0
DA:196,0
DA:197,0
DA:198,0
DA:199,0
DA:203,0
DA:204,0
DA:205,0
DA:206,0
DA:207,0
LF:123
LH:9
BRDA:33,1,0,0
BRDA:33,1,1,0
BRDA:183,2,0,0
BRDA:183,2,1,0
BRF:4
BRH:0
end_of_record
TN:
SF:C:\Users\syang\Documents\GitHub\nodejs-against-humanity\game.js
FN:7,getDeck
FN:11,removeFromArray
FN:18,list
FN:19,(anonymous_4)
FN:25,listAll
FN:29,toInfo
FN:30,(anonymous_7)
FN:40,addGame
FN:57,getGame
FN:58,(anonymous_10)
FN:61,joinGame
FN:84,(anonymous_12)
FN:96,departGame
FN:100,(anonymous_14)
FN:111,startGame
FN:117,selectCardCzar
FN:129,roundEnded
FN:137,(anonymous_18)
FN:151,(anonymous_19)
FN:158,drawWhiteCard
FN:164,setCurrentBlackCard
FN:170,getPlayer
FN:172,(anonymous_23)
FN:175,getPlayerByCardId
FN:180,readyForNextRound
FN:185,(anonymous_26)
FN:194,selectCard
FN:201,(anonymous_28)
FN:210,selectWinner
FN:224,reset
FNF:30
FNH:0
FNDA:0,getDeck
FNDA:0,removeFromArray
FNDA:0,list
FNDA:0,(anonymous_4)
FNDA:0,listAll
FNDA:0,toInfo
FNDA:0,(anonymous_7)
FNDA:0,addGame
FNDA:0,getGame
FNDA:0,(anonymous_10)
FNDA:0,joinGame
FNDA:0,(anonymous_12)
FNDA:0,departGame
FNDA:0,(anonymous_14)
FNDA:0,startGame
FNDA:0,selectCardCzar
FNDA:0,roundEnded
FNDA:0,(anonymous_18)
FNDA:0,(anonymous_19)
FNDA:0,drawWhiteCard
FNDA:0,setCurrentBlackCard
FNDA:0,getPlayer
FNDA:0,(anonymous_23)
FNDA:0,getPlayerByCardId
FNDA:0,readyForNextRound
FNDA:0,(anonymous_26)
FNDA:0,selectCard
FNDA:0,(anonymous_28)
FNDA:0,selectWinner
FNDA:0,reset
DA:1,1
DA:2,1
DA:3,1
DA:5,1
DA:7,1
DA:8,0
DA:11,1
DA:12,0
DA:13,0
DA:14,0
DA:18,1
DA:19,0
DA:21,0
DA:25,1
DA:26,0
DA:29,1
DA:30,0
DA:31,0
DA:40,1
DA:41,0
DA:42,0
DA:43,0
DA:44,0
DA:45,0
DA:46,0
DA:47,0
DA:48,0
DA:49,0
DA:50,0
DA:51,0
DA:52,0
DA:53,0
DA:54,0
DA:57,1
DA:58,0
DA:61,1
DA:62,0
DA:72,0
DA:73,0
DA:76,0
DA:79,0
DA:80,0
DA:81,0
DA:84,0
DA:85,0
DA:87,0
DA:88,0
DA:93,0
DA:96,1
DA:97,0
DA:98,0
DA:99,0
DA:100,0
DA:101,0
DA:103,0
DA:104,0
DA:106,0
DA:111,1
DA:112,0
DA:113,0
DA:114,0
DA:117,1
DA:118,0
DA:119,0
DA:120,0
DA:121,0
DA:122,0
DA:123,0
DA:124,0
DA:129,1
DA:130,0
DA:131,0
DA:132,0
DA:133,0
DA:135,0
DA:137,0
DA:138,0
DA:139,0
DA:140,0
DA:143,0
DA:144,0
DA:148,0
DA:150,0
DA:151,0
DA:152,0
DA:154,0
DA:158,1
DA:159,0
DA:160,0
DA:161,0
DA:164,1
DA:165,0
DA:166,0
DA:167,0
DA:170,1
DA:171,0
DA:172,0
DA:175,1
DA:176,0
DA:177,0
DA:180,1
DA:181,0
DA:182,0
DA:184,0
DA:185,0
DA:186,0
DA:189,0
DA:190,0
DA:194,1
DA:195,0
DA:196,0
DA:197,0
DA:199,0
DA:201,0
DA:202,0
DA:205,0
DA:206,0
DA:210,1
DA:211,0
DA:212,0
DA:213,0
DA:214,0
DA:215,0
DA:216,0
DA:217,0
DA:218,0
DA:219,0
DA:220,0
DA:224,1
DA:225,0
DA:228,1
DA:229,1
DA:230,1
DA:231,1
DA:232,1
DA:233,1
DA:234,1
DA:235,1
DA:236,1
DA:237,1
DA:238,1
DA:239,1
DA:240,1
DA:241,1
LF:144
LH:38
BRDA:13,1,0,0
BRDA:13,1,1,0
BRDA:58,2,0,0
BRDA:58,2,1,0
BRDA:79,3,0,0
BRDA:79,3,1,0
BRDA:80,4,0,0
BRDA:80,4,1,0
BRDA:87,5,0,0
BRDA:87,5,1,0
BRDA:98,6,0,0
BRDA:98,6,1,0
BRDA:104,7,0,0
BRDA:104,7,1,0
BRDA:119,8,0,0
BRDA:119,8,1,0
BRDA:138,9,0,0
BRDA:138,9,1,0
BRDA:150,10,0,0
BRDA:150,10,1,0
BRDA:189,11,0,0
BRDA:189,11,1,0
BRDA:205,12,0,0
BRDA:205,12,1,0
BRDA:217,13,0,0
BRDA:217,13,1,0
BRF:26
BRH:0
end_of_record
TN:
SF:C:\Users\syang\Documents\GitHub\nodejs-against-humanity\cards.js
FN:3,getDeck
FN:7,black
FN:8,filter
FN:14,white
FNF:4
FNH:0
FNDA:0,getDeck
FNDA:0,black
FNDA:0,filter
FNDA:0,white
DA:1,1
DA:3,1
DA:4,0
DA:7,1
DA:8,1
DA:9,0
DA:11,0
DA:14,1
DA:15,0
DA:18,1
LF:10
LH:6
BRF:0
BRH:0
end_of_record
TN:
SF:C:\Users\syang\Documents\GitHub\nodejs-against-humanity\config.js
FNF:0
FNH:0
DA:1,1
DA:3,1
DA:5,1
DA:6,1
DA:8,1
DA:10,1
DA:12,1
LF:7
LH:7
BRF:0
BRH:0
end_of_record
