TN:
SF:C:\Users\syang\Documents\GitHub\nodejs-against-humanity\game.js
FN:7,getDeck
FN:11,removeFromArray
FN:18,list
FN:19,(anonymous_4)
FN:25,listAll
FN:29,toInfo
FN:30,(anonymous_7)
FN:40,addGame
FN:57,getGame
FN:58,(anonymous_10)
FN:61,joinGame
FN:84,(anonymous_12)
FN:96,departGame
FN:100,(anonymous_14)
FN:111,startGame
FN:117,selectCardCzar
FN:129,roundEnded
FN:137,(anonymous_18)
FN:151,(anonymous_19)
FN:158,drawWhiteCard
FN:164,setCurrentBlackCard
FN:170,getPlayer
FN:172,(anonymous_23)
FN:175,getPlayerByCardId
FN:180,readyForNextRound
FN:185,(anonymous_26)
FN:194,selectCard
FN:201,(anonymous_28)
FN:210,selectWinner
FN:224,reset
FNF:30
FNH:0
FNDA:0,getDeck
FNDA:0,removeFromArray
FNDA:0,list
FNDA:0,(anonymous_4)
FNDA:0,listAll
FNDA:0,toInfo
FNDA:0,(anonymous_7)
FNDA:0,addGame
FNDA:0,getGame
FNDA:0,(anonymous_10)
FNDA:0,joinGame
FNDA:0,(anonymous_12)
FNDA:0,departGame
FNDA:0,(anonymous_14)
FNDA:0,startGame
FNDA:0,selectCardCzar
FNDA:0,roundEnded
FNDA:0,(anonymous_18)
FNDA:0,(anonymous_19)
FNDA:0,drawWhiteCard
FNDA:0,setCurrentBlackCard
FNDA:0,getPlayer
FNDA:0,(anonymous_23)
FNDA:0,getPlayerByCardId
FNDA:0,readyForNextRound
FNDA:0,(anonymous_26)
FNDA:0,selectCard
FNDA:0,(anonymous_28)
FNDA:0,selectWinner
FNDA:0,reset
DA:1,1
DA:2,1
DA:3,1
DA:5,1
DA:7,1
DA:8,0
DA:11,1
DA:12,0
DA:13,0
DA:14,0
DA:18,1
DA:19,0
DA:21,0
DA:25,1
DA:26,0
DA:29,1
DA:30,0
DA:31,0
DA:40,1
DA:41,0
DA:42,0
DA:43,0
DA:44,0
DA:45,0
DA:46,0
DA:47,0
DA:48,0
DA:49,0
DA:50,0
DA:51,0
DA:52,0
DA:53,0
DA:54,0
DA:57,1
DA:58,0
DA:61,1
DA:62,0
DA:72,0
DA:73,0
DA:76,0
DA:79,0
DA:80,0
DA:81,0
DA:84,0
DA:85,0
DA:87,0
DA:88,0
DA:93,0
DA:96,1
DA:97,0
DA:98,0
DA:99,0
DA:100,0
DA:101,0
DA:103,0
DA:104,0
DA:106,0
DA:111,1
DA:112,0
DA:113,0
DA:114,0
DA:117,1
DA:118,0
DA:119,0
DA:120,0
DA:121,0
DA:122,0
DA:123,0
DA:124,0
DA:129,1
DA:130,0
DA:131,0
DA:132,0
DA:133,0
DA:135,0
DA:137,0
DA:138,0
DA:139,0
DA:140,0
DA:143,0
DA:144,0
DA:148,0
DA:150,0
DA:151,0
DA:152,0
DA:154,0
DA:158,1
DA:159,0
DA:160,0
DA:161,0
DA:164,1
DA:165,0
DA:166,0
DA:167,0
DA:170,1
DA:171,0
DA:172,0
DA:175,1
DA:176,0
DA:177,0
DA:180,1
DA:181,0
DA:182,0
DA:184,0
DA:185,0
DA:186,0
DA:189,0
DA:190,0
DA:194,1
DA:195,0
DA:196,0
DA:197,0
DA:199,0
DA:201,0
DA:202,0
DA:205,0
DA:206,0
DA:210,1
DA:211,0
DA:212,0
DA:213,0
DA:214,0
DA:215,0
DA:216,0
DA:217,0
DA:218,0
DA:219,0
DA:220,0
DA:224,1
DA:225,0
DA:228,1
DA:229,1
DA:230,1
DA:231,1
DA:232,1
DA:233,1
DA:234,1
DA:235,1
DA:236,1
DA:237,1
DA:238,1
DA:239,1
DA:240,1
DA:241,1
LF:144
LH:38
BRDA:13,1,0,0
BRDA:13,1,1,0
BRDA:58,2,0,0
BRDA:58,2,1,0
BRDA:79,3,0,0
BRDA:79,3,1,0
BRDA:80,4,0,0
BRDA:80,4,1,0
BRDA:87,5,0,0
BRDA:87,5,1,0
BRDA:98,6,0,0
BRDA:98,6,1,0
BRDA:104,7,0,0
BRDA:104,7,1,0
BRDA:119,8,0,0
BRDA:119,8,1,0
BRDA:138,9,0,0
BRDA:138,9,1,0
BRDA:150,10,0,0
BRDA:150,10,1,0
BRDA:189,11,0,0
BRDA:189,11,1,0
BRDA:205,12,0,0
BRDA:205,12,1,0
BRDA:217,13,0,0
BRDA:217,13,1,0
BRF:26
BRH:0
end_of_record
TN:
SF:C:\Users\syang\Documents\GitHub\nodejs-against-humanity\cards.js
FN:3,getDeck
FN:7,black
FN:8,filter
FN:14,white
FNF:4
FNH:0
FNDA:0,getDeck
FNDA:0,black
FNDA:0,filter
FNDA:0,white
DA:1,1
DA:3,1
DA:4,0
DA:7,1
DA:8,1
DA:9,0
DA:11,0
DA:14,1
DA:15,0
DA:18,1
LF:10
LH:6
BRF:0
BRH:0
end_of_record
TN:
SF:C:\Users\syang\Documents\GitHub\nodejs-against-humanity\config.js
FNF:0
FNH:0
DA:1,1
DA:3,1
DA:5,1
DA:6,1
DA:8,1
DA:10,1
DA:12,1
LF:7
LH:7
BRF:0
BRH:0
end_of_record
